2024-07-09 17:00:19,557 - INFO - The video is 3120 seconds
2024-07-09 17:00:19,660 - INFO - Extracted chunk 1 from 0 to 60 seconds.
2024-07-09 17:00:20,503 - INFO - Converted audio for chunk 1 to WAV format.
2024-07-09 17:00:40,102 - INFO - Transcription for chunk 1: sound college I was a government Manager which means I have to write a lot of papers now I don't know that start
2024-07-09 17:00:40,193 - INFO - Extracted chunk 2 from 60 to 120 seconds.
2024-07-09 17:00:41,051 - INFO - Converted audio for chunk 2 to WAV format.
2024-07-09 17:00:59,292 - INFO - Transcription for chunk 2: how to go some like this turn off light and bumped up in the middle months and then the end I would Kick It Up The High gear case status few months the
2024-07-09 17:00:59,391 - INFO - Extracted chunk 3 from 120 to 180 seconds.
2024-07-09 17:01:00,177 - INFO - Converted audio for chunk 3 to WAV format.
2024-07-09 17:01:17,835 - INFO - Transcription for chunk 3: 12 volts humans are not supposed to 4129 across campus slow motion and garden justice
2024-07-09 17:01:17,993 - INFO - Extracted chunk 4 from 180 to 240 seconds.
2024-07-09 17:01:18,732 - INFO - Converted audio for chunk 4 to WAV format.
2024-07-09 17:01:56,316 - INFO - Transcription for chunk 4: and couple years ago I decided to write about Procrastination is perfect and I wanted to explain the numbers of the world what goes on in the heads of procrastination why we are the various actually different than the brains of other people and my brain and show you today
2024-07-09 17:01:56,412 - INFO - Extracted chunk 5 from 240 to 300 seconds.
2024-07-09 17:01:57,329 - INFO - Converted audio for chunk 5 to WAV format.
2024-07-09 17:02:26,401 - INFO - Transcription for chunk 5: also has an instant gratification monkey now what is this mean for the question of everything is fine until this happens so the rational decision maker will make the rational decision to do something productive but nothing about
2024-07-09 17:02:26,526 - INFO - Extracted chunk 6 from 300 to 360 seconds.
2024-07-09 17:02:27,318 - INFO - Converted audio for chunk 6 to WAV format.
2024-07-09 17:02:51,060 - INFO - Transcription for chunk 6: what is going on here gratification monkey does not seem like a guy you want to find the reality in the present moment he has no memory of the past no knowledge of the future of two things easy and fun work fine nothing other than easy and fun things to the next generation
2024-07-09 17:02:51,152 - INFO - Extracted chunk 7 from 360 to 420 seconds.
2024-07-09 17:02:51,986 - INFO - Converted audio for chunk 7 to WAV format.
2024-07-09 17:03:44,316 - INFO - Transcription for chunk 7: any wants to just have to do whatever makes sense to be doing right now now some time to make sense to be doing things that are easy and fun like when you're having dinner you are going to better and doing well and leisure time that's why there is an overlap sometimes they agree but other times it makes much more sense to be doing things that are harder and less pleasant for the sake of the big picture and that's not working
2024-07-09 17:03:44,504 - INFO - Extracted chunk 8 from 420 to 480 seconds.
2024-07-09 17:03:45,811 - INFO - Converted audio for chunk 8 to WAV format.
2024-07-09 17:04:25,772 - INFO - Transcription for chunk 8: dread anxiety sulfate should always good for craft in order of feelings and the question is in this situation with the monkey behind the world important things happens out that always
2024-07-09 17:04:25,905 - INFO - Extracted chunk 9 from 480 to 540 seconds.
2024-07-09 17:04:27,215 - INFO - Converted audio for chunk 9 to WAV format.
2024-07-09 17:04:50,175 - INFO - Transcription for chunk 9: about 6 months Governance of course I said yes it's always in the past
2024-07-09 17:04:50,295 - INFO - Extracted chunk 10 from 540 to 600 seconds.
2024-07-09 17:04:51,626 - INFO - Converted audio for chunk 10 to WAV format.
2024-07-09 17:05:29,087 - INFO - Transcription for chunk 10: 6 months turned into 4 and 2 and then one the people of that decided to release the speakers and I opened up the website there is my face steering right back at me and guess who woke up so the planet and finally finally the rational number
2024-07-09 17:05:29,319 - INFO - Extracted chunk 11 from 600 to 660 seconds.
2024-07-09 17:05:30,632 - INFO - Converted audio for chunk 11 to WAV format.
2024-07-09 17:06:01,104 - INFO - Transcription for chunk 11: and this is what I decided to write about on the blog just a couple years ago now when I didn't I was amazing people from all over the world doing all different kinds of things is your people were in 19 years students
2024-07-09 17:06:01,233 - INFO - Extracted chunk 12 from 660 to 720 seconds.
2024-07-09 17:06:02,134 - INFO - Converted audio for chunk 12 to WAV format.
2024-07-09 17:06:40,317 - INFO - Transcription for chunk 12: Castration that happens in situations when there is no deadline so you don't have a query you want to be a self starter something and Entrepreneurship first because
2024-07-09 17:06:40,496 - INFO - Extracted chunk 13 from 720 to 780 seconds.
2024-07-09 17:06:41,598 - INFO - Converted audio for chunk 13 to WAV format.
2024-07-09 17:07:06,370 - INFO - Transcription for chunk 13: that's much less visible and much less talked about in the final deadline based kindly and privately and it can be the source of a huge amount of long term unhappiness and regrets and I thought you know that's why these people are emailing and that's why there is such a bad place for calculation of the first ration
2024-07-09 17:07:06,455 - INFO - Extracted chunk 14 from 780 to 840 seconds.
2024-07-09 17:07:07,349 - INFO - Converted audio for chunk 14 to WAV format.
2024-07-09 17:07:25,572 - INFO - Transcription for chunk 14: monkey nucleus track is when the deadlines are there I call this a life calendar that's one box for every week of 19 year life especially since I think we need to take a long hard look that calendar on something in life we need verification monkey
2024-07-09 17:07:25,662 - INFO - Extracted chunk 15 from 840 to 900 seconds.
2024-07-09 17:07:26,175 - INFO - Converted audio for chunk 15 to WAV format.
2024-07-09 17:07:29,302 - ERROR - An error occurred for chunk 15: 
2024-07-09 17:07:29,400 - INFO - Extracted chunk 16 from 900 to 960 seconds.
2024-07-09 17:07:29,558 - WARNING - d:\60-Python-Projects\vepy60\lib\site-packages\moviepy\video\io\ffmpeg_reader.py:123: UserWarning: Warning: in file chunks/cut16.mp4, 2764800 bytes wanted but 0 bytes read,at frame 1/17, at time 0.04/0.70 sec. Using the last valid frame instead.
  warnings.warn("Warning: in file %s, "%(self.filename)+

2024-07-09 17:07:29,559 - ERROR - An error occurred for chunk 16: MoviePy error: failed to read the first frame of video file chunks/cut16.mp4. That might mean that the file is corrupted. That may also mean that you are using a deprecated version of FFMPEG. On Ubuntu/Debian for instance the version in the repos is deprecated. Please update to a recent version from the website.
2024-07-09 17:07:29,656 - INFO - Extracted chunk 17 from 960 to 1020 seconds.
2024-07-09 17:07:29,826 - WARNING - d:\60-Python-Projects\vepy60\lib\site-packages\moviepy\video\io\ffmpeg_reader.py:123: UserWarning: Warning: in file chunks/cut17.mp4, 2764800 bytes wanted but 0 bytes read,at frame 1/17, at time 0.04/0.70 sec. Using the last valid frame instead.
  warnings.warn("Warning: in file %s, "%(self.filename)+

2024-07-09 17:07:29,826 - ERROR - An error occurred for chunk 17: MoviePy error: failed to read the first frame of video file chunks/cut17.mp4. That might mean that the file is corrupted. That may also mean that you are using a deprecated version of FFMPEG. On Ubuntu/Debian for instance the version in the repos is deprecated. Please update to a recent version from the website.
2024-07-09 17:07:29,899 - INFO - Extracted chunk 18 from 1020 to 1080 seconds.
2024-07-09 17:07:30,062 - WARNING - d:\60-Python-Projects\vepy60\lib\site-packages\moviepy\video\io\ffmpeg_reader.py:123: UserWarning: Warning: in file chunks/cut18.mp4, 2764800 bytes wanted but 0 bytes read,at frame 1/17, at time 0.04/0.70 sec. Using the last valid frame instead.
  warnings.warn("Warning: in file %s, "%(self.filename)+

2024-07-09 17:07:30,063 - ERROR - An error occurred for chunk 18: MoviePy error: failed to read the first frame of video file chunks/cut18.mp4. That might mean that the file is corrupted. That may also mean that you are using a deprecated version of FFMPEG. On Ubuntu/Debian for instance the version in the repos is deprecated. Please update to a recent version from the website.
2024-07-09 17:07:30,143 - INFO - Extracted chunk 19 from 1080 to 1140 seconds.
2024-07-09 17:07:30,307 - WARNING - d:\60-Python-Projects\vepy60\lib\site-packages\moviepy\video\io\ffmpeg_reader.py:123: UserWarning: Warning: in file chunks/cut19.mp4, 2764800 bytes wanted but 0 bytes read,at frame 1/17, at time 0.04/0.70 sec. Using the last valid frame instead.
  warnings.warn("Warning: in file %s, "%(self.filename)+

2024-07-09 17:07:30,308 - ERROR - An error occurred for chunk 19: MoviePy error: failed to read the first frame of video file chunks/cut19.mp4. That might mean that the file is corrupted. That may also mean that you are using a deprecated version of FFMPEG. On Ubuntu/Debian for instance the version in the repos is deprecated. Please update to a recent version from the website.
2024-07-09 17:07:30,388 - INFO - Extracted chunk 20 from 1140 to 1200 seconds.
2024-07-09 17:07:30,555 - WARNING - d:\60-Python-Projects\vepy60\lib\site-packages\moviepy\video\io\ffmpeg_reader.py:123: UserWarning: Warning: in file chunks/cut20.mp4, 2764800 bytes wanted but 0 bytes read,at frame 1/17, at time 0.04/0.70 sec. Using the last valid frame instead.
  warnings.warn("Warning: in file %s, "%(self.filename)+

2024-07-09 17:07:30,556 - ERROR - An error occurred for chunk 20: MoviePy error: failed to read the first frame of video file chunks/cut20.mp4. That might mean that the file is corrupted. That may also mean that you are using a deprecated version of FFMPEG. On Ubuntu/Debian for instance the version in the repos is deprecated. Please update to a recent version from the website.
2024-07-09 17:07:30,634 - INFO - Extracted chunk 21 from 1200 to 1260 seconds.
2024-07-09 17:07:30,796 - WARNING - d:\60-Python-Projects\vepy60\lib\site-packages\moviepy\video\io\ffmpeg_reader.py:123: UserWarning: Warning: in file chunks/cut21.mp4, 2764800 bytes wanted but 0 bytes read,at frame 1/17, at time 0.04/0.70 sec. Using the last valid frame instead.
  warnings.warn("Warning: in file %s, "%(self.filename)+

2024-07-09 17:07:30,796 - ERROR - An error occurred for chunk 21: MoviePy error: failed to read the first frame of video file chunks/cut21.mp4. That might mean that the file is corrupted. That may also mean that you are using a deprecated version of FFMPEG. On Ubuntu/Debian for instance the version in the repos is deprecated. Please update to a recent version from the website.
2024-07-09 17:07:30,890 - INFO - Extracted chunk 22 from 1260 to 1320 seconds.
2024-07-09 17:07:31,047 - WARNING - d:\60-Python-Projects\vepy60\lib\site-packages\moviepy\video\io\ffmpeg_reader.py:123: UserWarning: Warning: in file chunks/cut22.mp4, 2764800 bytes wanted but 0 bytes read,at frame 1/17, at time 0.04/0.70 sec. Using the last valid frame instead.
  warnings.warn("Warning: in file %s, "%(self.filename)+

2024-07-09 17:07:31,048 - ERROR - An error occurred for chunk 22: MoviePy error: failed to read the first frame of video file chunks/cut22.mp4. That might mean that the file is corrupted. That may also mean that you are using a deprecated version of FFMPEG. On Ubuntu/Debian for instance the version in the repos is deprecated. Please update to a recent version from the website.
2024-07-09 17:07:31,128 - INFO - Extracted chunk 23 from 1320 to 1380 seconds.
2024-07-09 17:07:31,289 - WARNING - d:\60-Python-Projects\vepy60\lib\site-packages\moviepy\video\io\ffmpeg_reader.py:123: UserWarning: Warning: in file chunks/cut23.mp4, 2764800 bytes wanted but 0 bytes read,at frame 1/17, at time 0.04/0.70 sec. Using the last valid frame instead.
  warnings.warn("Warning: in file %s, "%(self.filename)+

2024-07-09 17:07:31,290 - ERROR - An error occurred for chunk 23: MoviePy error: failed to read the first frame of video file chunks/cut23.mp4. That might mean that the file is corrupted. That may also mean that you are using a deprecated version of FFMPEG. On Ubuntu/Debian for instance the version in the repos is deprecated. Please update to a recent version from the website.
2024-07-09 17:07:31,394 - INFO - Extracted chunk 24 from 1380 to 1440 seconds.
2024-07-09 17:07:31,559 - WARNING - d:\60-Python-Projects\vepy60\lib\site-packages\moviepy\video\io\ffmpeg_reader.py:123: UserWarning: Warning: in file chunks/cut24.mp4, 2764800 bytes wanted but 0 bytes read,at frame 1/17, at time 0.04/0.70 sec. Using the last valid frame instead.
  warnings.warn("Warning: in file %s, "%(self.filename)+

2024-07-09 17:07:31,570 - ERROR - An error occurred for chunk 24: MoviePy error: failed to read the first frame of video file chunks/cut24.mp4. That might mean that the file is corrupted. That may also mean that you are using a deprecated version of FFMPEG. On Ubuntu/Debian for instance the version in the repos is deprecated. Please update to a recent version from the website.
2024-07-09 17:07:31,648 - INFO - Extracted chunk 25 from 1440 to 1500 seconds.
2024-07-09 17:07:31,808 - WARNING - d:\60-Python-Projects\vepy60\lib\site-packages\moviepy\video\io\ffmpeg_reader.py:123: UserWarning: Warning: in file chunks/cut25.mp4, 2764800 bytes wanted but 0 bytes read,at frame 1/17, at time 0.04/0.70 sec. Using the last valid frame instead.
  warnings.warn("Warning: in file %s, "%(self.filename)+

2024-07-09 17:07:31,809 - ERROR - An error occurred for chunk 25: MoviePy error: failed to read the first frame of video file chunks/cut25.mp4. That might mean that the file is corrupted. That may also mean that you are using a deprecated version of FFMPEG. On Ubuntu/Debian for instance the version in the repos is deprecated. Please update to a recent version from the website.
2024-07-09 17:07:31,903 - INFO - Extracted chunk 26 from 1500 to 1560 seconds.
2024-07-09 17:07:32,063 - WARNING - d:\60-Python-Projects\vepy60\lib\site-packages\moviepy\video\io\ffmpeg_reader.py:123: UserWarning: Warning: in file chunks/cut26.mp4, 2764800 bytes wanted but 0 bytes read,at frame 1/17, at time 0.04/0.70 sec. Using the last valid frame instead.
  warnings.warn("Warning: in file %s, "%(self.filename)+

2024-07-09 17:07:32,064 - ERROR - An error occurred for chunk 26: MoviePy error: failed to read the first frame of video file chunks/cut26.mp4. That might mean that the file is corrupted. That may also mean that you are using a deprecated version of FFMPEG. On Ubuntu/Debian for instance the version in the repos is deprecated. Please update to a recent version from the website.
2024-07-09 17:07:32,163 - INFO - Extracted chunk 27 from 1560 to 1620 seconds.
2024-07-09 17:07:32,403 - WARNING - d:\60-Python-Projects\vepy60\lib\site-packages\moviepy\video\io\ffmpeg_reader.py:123: UserWarning: Warning: in file chunks/cut27.mp4, 2764800 bytes wanted but 0 bytes read,at frame 1/17, at time 0.04/0.70 sec. Using the last valid frame instead.
  warnings.warn("Warning: in file %s, "%(self.filename)+

2024-07-09 17:07:32,404 - ERROR - An error occurred for chunk 27: MoviePy error: failed to read the first frame of video file chunks/cut27.mp4. That might mean that the file is corrupted. That may also mean that you are using a deprecated version of FFMPEG. On Ubuntu/Debian for instance the version in the repos is deprecated. Please update to a recent version from the website.
2024-07-09 17:07:32,488 - INFO - Extracted chunk 28 from 1620 to 1680 seconds.
2024-07-09 17:07:32,654 - WARNING - d:\60-Python-Projects\vepy60\lib\site-packages\moviepy\video\io\ffmpeg_reader.py:123: UserWarning: Warning: in file chunks/cut28.mp4, 2764800 bytes wanted but 0 bytes read,at frame 1/17, at time 0.04/0.70 sec. Using the last valid frame instead.
  warnings.warn("Warning: in file %s, "%(self.filename)+

2024-07-09 17:07:32,655 - ERROR - An error occurred for chunk 28: MoviePy error: failed to read the first frame of video file chunks/cut28.mp4. That might mean that the file is corrupted. That may also mean that you are using a deprecated version of FFMPEG. On Ubuntu/Debian for instance the version in the repos is deprecated. Please update to a recent version from the website.
2024-07-09 17:07:32,763 - INFO - Extracted chunk 29 from 1680 to 1740 seconds.
2024-07-09 17:07:32,940 - WARNING - d:\60-Python-Projects\vepy60\lib\site-packages\moviepy\video\io\ffmpeg_reader.py:123: UserWarning: Warning: in file chunks/cut29.mp4, 2764800 bytes wanted but 0 bytes read,at frame 1/17, at time 0.04/0.70 sec. Using the last valid frame instead.
  warnings.warn("Warning: in file %s, "%(self.filename)+

2024-07-09 17:07:32,941 - ERROR - An error occurred for chunk 29: MoviePy error: failed to read the first frame of video file chunks/cut29.mp4. That might mean that the file is corrupted. That may also mean that you are using a deprecated version of FFMPEG. On Ubuntu/Debian for instance the version in the repos is deprecated. Please update to a recent version from the website.
2024-07-09 17:07:33,019 - INFO - Extracted chunk 30 from 1740 to 1800 seconds.
2024-07-09 17:07:33,178 - WARNING - d:\60-Python-Projects\vepy60\lib\site-packages\moviepy\video\io\ffmpeg_reader.py:123: UserWarning: Warning: in file chunks/cut30.mp4, 2764800 bytes wanted but 0 bytes read,at frame 1/17, at time 0.04/0.70 sec. Using the last valid frame instead.
  warnings.warn("Warning: in file %s, "%(self.filename)+

2024-07-09 17:07:33,179 - ERROR - An error occurred for chunk 30: MoviePy error: failed to read the first frame of video file chunks/cut30.mp4. That might mean that the file is corrupted. That may also mean that you are using a deprecated version of FFMPEG. On Ubuntu/Debian for instance the version in the repos is deprecated. Please update to a recent version from the website.
2024-07-09 17:07:33,284 - INFO - Extracted chunk 31 from 1800 to 1860 seconds.
2024-07-09 17:07:33,492 - WARNING - d:\60-Python-Projects\vepy60\lib\site-packages\moviepy\video\io\ffmpeg_reader.py:123: UserWarning: Warning: in file chunks/cut31.mp4, 2764800 bytes wanted but 0 bytes read,at frame 1/17, at time 0.04/0.70 sec. Using the last valid frame instead.
  warnings.warn("Warning: in file %s, "%(self.filename)+

2024-07-09 17:07:33,492 - ERROR - An error occurred for chunk 31: MoviePy error: failed to read the first frame of video file chunks/cut31.mp4. That might mean that the file is corrupted. That may also mean that you are using a deprecated version of FFMPEG. On Ubuntu/Debian for instance the version in the repos is deprecated. Please update to a recent version from the website.
2024-07-09 17:07:33,570 - INFO - Extracted chunk 32 from 1860 to 1920 seconds.
2024-07-09 17:07:33,749 - WARNING - d:\60-Python-Projects\vepy60\lib\site-packages\moviepy\video\io\ffmpeg_reader.py:123: UserWarning: Warning: in file chunks/cut32.mp4, 2764800 bytes wanted but 0 bytes read,at frame 1/17, at time 0.04/0.70 sec. Using the last valid frame instead.
  warnings.warn("Warning: in file %s, "%(self.filename)+

2024-07-09 17:07:33,750 - ERROR - An error occurred for chunk 32: MoviePy error: failed to read the first frame of video file chunks/cut32.mp4. That might mean that the file is corrupted. That may also mean that you are using a deprecated version of FFMPEG. On Ubuntu/Debian for instance the version in the repos is deprecated. Please update to a recent version from the website.
2024-07-09 17:07:33,851 - INFO - Extracted chunk 33 from 1920 to 1980 seconds.
2024-07-09 17:07:34,026 - WARNING - d:\60-Python-Projects\vepy60\lib\site-packages\moviepy\video\io\ffmpeg_reader.py:123: UserWarning: Warning: in file chunks/cut33.mp4, 2764800 bytes wanted but 0 bytes read,at frame 1/17, at time 0.04/0.70 sec. Using the last valid frame instead.
  warnings.warn("Warning: in file %s, "%(self.filename)+

2024-07-09 17:07:34,028 - ERROR - An error occurred for chunk 33: MoviePy error: failed to read the first frame of video file chunks/cut33.mp4. That might mean that the file is corrupted. That may also mean that you are using a deprecated version of FFMPEG. On Ubuntu/Debian for instance the version in the repos is deprecated. Please update to a recent version from the website.
2024-07-09 17:07:34,112 - INFO - Extracted chunk 34 from 1980 to 2040 seconds.
2024-07-09 17:07:34,273 - WARNING - d:\60-Python-Projects\vepy60\lib\site-packages\moviepy\video\io\ffmpeg_reader.py:123: UserWarning: Warning: in file chunks/cut34.mp4, 2764800 bytes wanted but 0 bytes read,at frame 1/17, at time 0.04/0.70 sec. Using the last valid frame instead.
  warnings.warn("Warning: in file %s, "%(self.filename)+

2024-07-09 17:07:34,294 - ERROR - An error occurred for chunk 34: MoviePy error: failed to read the first frame of video file chunks/cut34.mp4. That might mean that the file is corrupted. That may also mean that you are using a deprecated version of FFMPEG. On Ubuntu/Debian for instance the version in the repos is deprecated. Please update to a recent version from the website.
2024-07-09 17:07:34,379 - INFO - Extracted chunk 35 from 2040 to 2100 seconds.
2024-07-09 17:07:34,589 - WARNING - d:\60-Python-Projects\vepy60\lib\site-packages\moviepy\video\io\ffmpeg_reader.py:123: UserWarning: Warning: in file chunks/cut35.mp4, 2764800 bytes wanted but 0 bytes read,at frame 1/17, at time 0.04/0.70 sec. Using the last valid frame instead.
  warnings.warn("Warning: in file %s, "%(self.filename)+

2024-07-09 17:07:34,590 - ERROR - An error occurred for chunk 35: MoviePy error: failed to read the first frame of video file chunks/cut35.mp4. That might mean that the file is corrupted. That may also mean that you are using a deprecated version of FFMPEG. On Ubuntu/Debian for instance the version in the repos is deprecated. Please update to a recent version from the website.
2024-07-09 17:07:34,668 - INFO - Extracted chunk 36 from 2100 to 2160 seconds.
2024-07-09 17:07:34,839 - WARNING - d:\60-Python-Projects\vepy60\lib\site-packages\moviepy\video\io\ffmpeg_reader.py:123: UserWarning: Warning: in file chunks/cut36.mp4, 2764800 bytes wanted but 0 bytes read,at frame 1/17, at time 0.04/0.70 sec. Using the last valid frame instead.
  warnings.warn("Warning: in file %s, "%(self.filename)+

2024-07-09 17:07:34,840 - ERROR - An error occurred for chunk 36: MoviePy error: failed to read the first frame of video file chunks/cut36.mp4. That might mean that the file is corrupted. That may also mean that you are using a deprecated version of FFMPEG. On Ubuntu/Debian for instance the version in the repos is deprecated. Please update to a recent version from the website.
2024-07-09 17:07:34,928 - INFO - Extracted chunk 37 from 2160 to 2220 seconds.
2024-07-09 17:07:35,196 - WARNING - d:\60-Python-Projects\vepy60\lib\site-packages\moviepy\video\io\ffmpeg_reader.py:123: UserWarning: Warning: in file chunks/cut37.mp4, 2764800 bytes wanted but 0 bytes read,at frame 1/17, at time 0.04/0.70 sec. Using the last valid frame instead.
  warnings.warn("Warning: in file %s, "%(self.filename)+

2024-07-09 17:07:35,196 - ERROR - An error occurred for chunk 37: MoviePy error: failed to read the first frame of video file chunks/cut37.mp4. That might mean that the file is corrupted. That may also mean that you are using a deprecated version of FFMPEG. On Ubuntu/Debian for instance the version in the repos is deprecated. Please update to a recent version from the website.
2024-07-09 17:07:35,296 - INFO - Extracted chunk 38 from 2220 to 2280 seconds.
2024-07-09 17:07:35,474 - WARNING - d:\60-Python-Projects\vepy60\lib\site-packages\moviepy\video\io\ffmpeg_reader.py:123: UserWarning: Warning: in file chunks/cut38.mp4, 2764800 bytes wanted but 0 bytes read,at frame 1/17, at time 0.04/0.70 sec. Using the last valid frame instead.
  warnings.warn("Warning: in file %s, "%(self.filename)+

2024-07-09 17:07:35,474 - ERROR - An error occurred for chunk 38: MoviePy error: failed to read the first frame of video file chunks/cut38.mp4. That might mean that the file is corrupted. That may also mean that you are using a deprecated version of FFMPEG. On Ubuntu/Debian for instance the version in the repos is deprecated. Please update to a recent version from the website.
2024-07-09 17:07:35,581 - INFO - Extracted chunk 39 from 2280 to 2340 seconds.
2024-07-09 17:07:35,828 - WARNING - d:\60-Python-Projects\vepy60\lib\site-packages\moviepy\video\io\ffmpeg_reader.py:123: UserWarning: Warning: in file chunks/cut39.mp4, 2764800 bytes wanted but 0 bytes read,at frame 1/17, at time 0.04/0.70 sec. Using the last valid frame instead.
  warnings.warn("Warning: in file %s, "%(self.filename)+

2024-07-09 17:07:35,828 - ERROR - An error occurred for chunk 39: MoviePy error: failed to read the first frame of video file chunks/cut39.mp4. That might mean that the file is corrupted. That may also mean that you are using a deprecated version of FFMPEG. On Ubuntu/Debian for instance the version in the repos is deprecated. Please update to a recent version from the website.
2024-07-09 17:07:35,932 - INFO - Extracted chunk 40 from 2340 to 2400 seconds.
2024-07-09 17:07:36,162 - WARNING - d:\60-Python-Projects\vepy60\lib\site-packages\moviepy\video\io\ffmpeg_reader.py:123: UserWarning: Warning: in file chunks/cut40.mp4, 2764800 bytes wanted but 0 bytes read,at frame 1/17, at time 0.04/0.70 sec. Using the last valid frame instead.
  warnings.warn("Warning: in file %s, "%(self.filename)+

2024-07-09 17:07:36,162 - ERROR - An error occurred for chunk 40: MoviePy error: failed to read the first frame of video file chunks/cut40.mp4. That might mean that the file is corrupted. That may also mean that you are using a deprecated version of FFMPEG. On Ubuntu/Debian for instance the version in the repos is deprecated. Please update to a recent version from the website.
2024-07-09 17:07:36,273 - INFO - Extracted chunk 41 from 2400 to 2460 seconds.
2024-07-09 17:07:36,455 - WARNING - d:\60-Python-Projects\vepy60\lib\site-packages\moviepy\video\io\ffmpeg_reader.py:123: UserWarning: Warning: in file chunks/cut41.mp4, 2764800 bytes wanted but 0 bytes read,at frame 1/17, at time 0.04/0.70 sec. Using the last valid frame instead.
  warnings.warn("Warning: in file %s, "%(self.filename)+

2024-07-09 17:07:36,456 - ERROR - An error occurred for chunk 41: MoviePy error: failed to read the first frame of video file chunks/cut41.mp4. That might mean that the file is corrupted. That may also mean that you are using a deprecated version of FFMPEG. On Ubuntu/Debian for instance the version in the repos is deprecated. Please update to a recent version from the website.
2024-07-09 17:07:36,563 - INFO - Extracted chunk 42 from 2460 to 2520 seconds.
2024-07-09 17:07:36,727 - WARNING - d:\60-Python-Projects\vepy60\lib\site-packages\moviepy\video\io\ffmpeg_reader.py:123: UserWarning: Warning: in file chunks/cut42.mp4, 2764800 bytes wanted but 0 bytes read,at frame 1/17, at time 0.04/0.70 sec. Using the last valid frame instead.
  warnings.warn("Warning: in file %s, "%(self.filename)+

2024-07-09 17:07:36,729 - ERROR - An error occurred for chunk 42: MoviePy error: failed to read the first frame of video file chunks/cut42.mp4. That might mean that the file is corrupted. That may also mean that you are using a deprecated version of FFMPEG. On Ubuntu/Debian for instance the version in the repos is deprecated. Please update to a recent version from the website.
2024-07-09 17:07:36,834 - INFO - Extracted chunk 43 from 2520 to 2580 seconds.
2024-07-09 17:07:37,064 - WARNING - d:\60-Python-Projects\vepy60\lib\site-packages\moviepy\video\io\ffmpeg_reader.py:123: UserWarning: Warning: in file chunks/cut43.mp4, 2764800 bytes wanted but 0 bytes read,at frame 1/17, at time 0.04/0.70 sec. Using the last valid frame instead.
  warnings.warn("Warning: in file %s, "%(self.filename)+

2024-07-09 17:07:37,064 - ERROR - An error occurred for chunk 43: MoviePy error: failed to read the first frame of video file chunks/cut43.mp4. That might mean that the file is corrupted. That may also mean that you are using a deprecated version of FFMPEG. On Ubuntu/Debian for instance the version in the repos is deprecated. Please update to a recent version from the website.
2024-07-09 17:07:37,167 - INFO - Extracted chunk 44 from 2580 to 2640 seconds.
2024-07-09 17:07:37,422 - WARNING - d:\60-Python-Projects\vepy60\lib\site-packages\moviepy\video\io\ffmpeg_reader.py:123: UserWarning: Warning: in file chunks/cut44.mp4, 2764800 bytes wanted but 0 bytes read,at frame 1/17, at time 0.04/0.70 sec. Using the last valid frame instead.
  warnings.warn("Warning: in file %s, "%(self.filename)+

2024-07-09 17:07:37,423 - ERROR - An error occurred for chunk 44: MoviePy error: failed to read the first frame of video file chunks/cut44.mp4. That might mean that the file is corrupted. That may also mean that you are using a deprecated version of FFMPEG. On Ubuntu/Debian for instance the version in the repos is deprecated. Please update to a recent version from the website.
2024-07-09 17:07:37,519 - INFO - Extracted chunk 45 from 2640 to 2700 seconds.
2024-07-09 17:07:37,680 - WARNING - d:\60-Python-Projects\vepy60\lib\site-packages\moviepy\video\io\ffmpeg_reader.py:123: UserWarning: Warning: in file chunks/cut45.mp4, 2764800 bytes wanted but 0 bytes read,at frame 1/17, at time 0.04/0.70 sec. Using the last valid frame instead.
  warnings.warn("Warning: in file %s, "%(self.filename)+

2024-07-09 17:07:37,681 - ERROR - An error occurred for chunk 45: MoviePy error: failed to read the first frame of video file chunks/cut45.mp4. That might mean that the file is corrupted. That may also mean that you are using a deprecated version of FFMPEG. On Ubuntu/Debian for instance the version in the repos is deprecated. Please update to a recent version from the website.
2024-07-09 17:07:37,779 - INFO - Extracted chunk 46 from 2700 to 2760 seconds.
2024-07-09 17:07:37,944 - WARNING - d:\60-Python-Projects\vepy60\lib\site-packages\moviepy\video\io\ffmpeg_reader.py:123: UserWarning: Warning: in file chunks/cut46.mp4, 2764800 bytes wanted but 0 bytes read,at frame 1/17, at time 0.04/0.70 sec. Using the last valid frame instead.
  warnings.warn("Warning: in file %s, "%(self.filename)+

2024-07-09 17:07:37,945 - ERROR - An error occurred for chunk 46: MoviePy error: failed to read the first frame of video file chunks/cut46.mp4. That might mean that the file is corrupted. That may also mean that you are using a deprecated version of FFMPEG. On Ubuntu/Debian for instance the version in the repos is deprecated. Please update to a recent version from the website.
2024-07-09 17:07:38,046 - INFO - Extracted chunk 47 from 2760 to 2820 seconds.
2024-07-09 17:07:38,232 - WARNING - d:\60-Python-Projects\vepy60\lib\site-packages\moviepy\video\io\ffmpeg_reader.py:123: UserWarning: Warning: in file chunks/cut47.mp4, 2764800 bytes wanted but 0 bytes read,at frame 1/17, at time 0.04/0.70 sec. Using the last valid frame instead.
  warnings.warn("Warning: in file %s, "%(self.filename)+

2024-07-09 17:07:38,232 - ERROR - An error occurred for chunk 47: MoviePy error: failed to read the first frame of video file chunks/cut47.mp4. That might mean that the file is corrupted. That may also mean that you are using a deprecated version of FFMPEG. On Ubuntu/Debian for instance the version in the repos is deprecated. Please update to a recent version from the website.
2024-07-09 17:07:38,335 - INFO - Extracted chunk 48 from 2820 to 2880 seconds.
2024-07-09 17:07:38,510 - WARNING - d:\60-Python-Projects\vepy60\lib\site-packages\moviepy\video\io\ffmpeg_reader.py:123: UserWarning: Warning: in file chunks/cut48.mp4, 2764800 bytes wanted but 0 bytes read,at frame 1/17, at time 0.04/0.70 sec. Using the last valid frame instead.
  warnings.warn("Warning: in file %s, "%(self.filename)+

2024-07-09 17:07:38,511 - ERROR - An error occurred for chunk 48: MoviePy error: failed to read the first frame of video file chunks/cut48.mp4. That might mean that the file is corrupted. That may also mean that you are using a deprecated version of FFMPEG. On Ubuntu/Debian for instance the version in the repos is deprecated. Please update to a recent version from the website.
2024-07-09 17:07:38,596 - INFO - Extracted chunk 49 from 2880 to 2940 seconds.
2024-07-09 17:07:38,793 - WARNING - d:\60-Python-Projects\vepy60\lib\site-packages\moviepy\video\io\ffmpeg_reader.py:123: UserWarning: Warning: in file chunks/cut49.mp4, 2764800 bytes wanted but 0 bytes read,at frame 1/17, at time 0.04/0.70 sec. Using the last valid frame instead.
  warnings.warn("Warning: in file %s, "%(self.filename)+

2024-07-09 17:07:38,794 - ERROR - An error occurred for chunk 49: MoviePy error: failed to read the first frame of video file chunks/cut49.mp4. That might mean that the file is corrupted. That may also mean that you are using a deprecated version of FFMPEG. On Ubuntu/Debian for instance the version in the repos is deprecated. Please update to a recent version from the website.
2024-07-09 17:07:38,897 - INFO - Extracted chunk 50 from 2940 to 3000 seconds.
2024-07-09 17:07:39,114 - WARNING - d:\60-Python-Projects\vepy60\lib\site-packages\moviepy\video\io\ffmpeg_reader.py:123: UserWarning: Warning: in file chunks/cut50.mp4, 2764800 bytes wanted but 0 bytes read,at frame 1/17, at time 0.04/0.70 sec. Using the last valid frame instead.
  warnings.warn("Warning: in file %s, "%(self.filename)+

2024-07-09 17:07:39,115 - ERROR - An error occurred for chunk 50: MoviePy error: failed to read the first frame of video file chunks/cut50.mp4. That might mean that the file is corrupted. That may also mean that you are using a deprecated version of FFMPEG. On Ubuntu/Debian for instance the version in the repos is deprecated. Please update to a recent version from the website.
2024-07-09 17:07:39,213 - INFO - Extracted chunk 51 from 3000 to 3060 seconds.
2024-07-09 17:07:39,398 - WARNING - d:\60-Python-Projects\vepy60\lib\site-packages\moviepy\video\io\ffmpeg_reader.py:123: UserWarning: Warning: in file chunks/cut51.mp4, 2764800 bytes wanted but 0 bytes read,at frame 1/17, at time 0.04/0.70 sec. Using the last valid frame instead.
  warnings.warn("Warning: in file %s, "%(self.filename)+

2024-07-09 17:07:39,398 - ERROR - An error occurred for chunk 51: MoviePy error: failed to read the first frame of video file chunks/cut51.mp4. That might mean that the file is corrupted. That may also mean that you are using a deprecated version of FFMPEG. On Ubuntu/Debian for instance the version in the repos is deprecated. Please update to a recent version from the website.
2024-07-09 17:07:39,503 - INFO - Extracted chunk 52 from 3060 to 3120 seconds.
2024-07-09 17:07:39,680 - WARNING - d:\60-Python-Projects\vepy60\lib\site-packages\moviepy\video\io\ffmpeg_reader.py:123: UserWarning: Warning: in file chunks/cut52.mp4, 2764800 bytes wanted but 0 bytes read,at frame 1/17, at time 0.04/0.70 sec. Using the last valid frame instead.
  warnings.warn("Warning: in file %s, "%(self.filename)+

2024-07-09 17:07:39,681 - ERROR - An error occurred for chunk 52: MoviePy error: failed to read the first frame of video file chunks/cut52.mp4. That might mean that the file is corrupted. That may also mean that you are using a deprecated version of FFMPEG. On Ubuntu/Debian for instance the version in the repos is deprecated. Please update to a recent version from the website.
2024-07-09 17:07:39,682 - INFO - Final transcription dictionary: {'chunk1': "sound college I was a government Manager which means I have to write a lot of papers now I don't know that start", 'chunk2': 'how to go some like this turn off light and bumped up in the middle months and then the end I would Kick It Up The High gear case status few months the', 'chunk3': '12 volts humans are not supposed to 4129 across campus slow motion and garden justice', 'chunk4': 'and couple years ago I decided to write about Procrastination is perfect and I wanted to explain the numbers of the world what goes on in the heads of procrastination why we are the various actually different than the brains of other people and my brain and show you today', 'chunk5': 'also has an instant gratification monkey now what is this mean for the question of everything is fine until this happens so the rational decision maker will make the rational decision to do something productive but nothing about', 'chunk6': 'what is going on here gratification monkey does not seem like a guy you want to find the reality in the present moment he has no memory of the past no knowledge of the future of two things easy and fun work fine nothing other than easy and fun things to the next generation', 'chunk7': "any wants to just have to do whatever makes sense to be doing right now now some time to make sense to be doing things that are easy and fun like when you're having dinner you are going to better and doing well and leisure time that's why there is an overlap sometimes they agree but other times it makes much more sense to be doing things that are harder and less pleasant for the sake of the big picture and that's not working", 'chunk8': 'dread anxiety sulfate should always good for craft in order of feelings and the question is in this situation with the monkey behind the world important things happens out that always', 'chunk9': "about 6 months Governance of course I said yes it's always in the past", 'chunk10': '6 months turned into 4 and 2 and then one the people of that decided to release the speakers and I opened up the website there is my face steering right back at me and guess who woke up so the planet and finally finally the rational number', 'chunk11': "and this is what I decided to write about on the blog just a couple years ago now when I didn't I was amazing people from all over the world doing all different kinds of things is your people were in 19 years students", 'chunk12': "Castration that happens in situations when there is no deadline so you don't have a query you want to be a self starter something and Entrepreneurship first because", 'chunk13': "that's much less visible and much less talked about in the final deadline based kindly and privately and it can be the source of a huge amount of long term unhappiness and regrets and I thought you know that's why these people are emailing and that's why there is such a bad place for calculation of the first ration", 'chunk14': "monkey nucleus track is when the deadlines are there I call this a life calendar that's one box for every week of 19 year life especially since I think we need to take a long hard look that calendar on something in life we need verification monkey", 'chunk15': None, 'chunk16': None, 'chunk17': None, 'chunk18': None, 'chunk19': None, 'chunk20': None, 'chunk21': None, 'chunk22': None, 'chunk23': None, 'chunk24': None, 'chunk25': None, 'chunk26': None, 'chunk27': None, 'chunk28': None, 'chunk29': None, 'chunk30': None, 'chunk31': None, 'chunk32': None, 'chunk33': None, 'chunk34': None, 'chunk35': None, 'chunk36': None, 'chunk37': None, 'chunk38': None, 'chunk39': None, 'chunk40': None, 'chunk41': None, 'chunk42': None, 'chunk43': None, 'chunk44': None, 'chunk45': None, 'chunk46': None, 'chunk47': None, 'chunk48': None, 'chunk49': None, 'chunk50': None, 'chunk51': None, 'chunk52': None}
2024-07-09 17:11:00,062 - INFO - The video is 3120 seconds
2024-07-09 17:11:00,164 - INFO - Extracted chunk 1 from 0 to 60 seconds.
2024-07-09 17:11:00,958 - INFO - Converted audio for chunk 1 to WAV format.
2024-07-09 17:11:19,273 - INFO - Transcription for chunk 1: sound college I was a government Manager which means I have to write a lot of papers now I don't know that start
2024-07-09 17:11:19,376 - INFO - Extracted chunk 2 from 60 to 120 seconds.
2024-07-09 17:11:20,253 - INFO - Converted audio for chunk 2 to WAV format.
2024-07-09 17:11:40,490 - INFO - Transcription for chunk 2: how to go some like this turn off light and bumped up in the middle months and then the end I would Kick It Up The High gear case status few months the
2024-07-09 17:11:40,580 - INFO - Extracted chunk 3 from 120 to 180 seconds.
2024-07-09 17:11:41,361 - INFO - Converted audio for chunk 3 to WAV format.
2024-07-09 17:12:00,120 - INFO - Transcription for chunk 3: 12 volts humans are not supposed to 4129 across campus slow motion and garden justice
2024-07-09 17:12:00,218 - INFO - Extracted chunk 4 from 180 to 240 seconds.
2024-07-09 17:12:01,089 - INFO - Converted audio for chunk 4 to WAV format.
2024-07-09 17:12:26,617 - INFO - Transcription for chunk 4: and couple years ago I decided to write about Procrastination is perfect and I wanted to explain the numbers of the world what goes on in the heads of procrastination why we are the various actually different than the brains of other people and my brain and show you today
2024-07-09 17:12:26,717 - INFO - Extracted chunk 5 from 240 to 300 seconds.
2024-07-09 17:12:27,585 - INFO - Converted audio for chunk 5 to WAV format.
2024-07-09 17:12:54,836 - INFO - Transcription for chunk 5: also has an instant gratification monkey now what is this mean for the question of everything is fine until this happens so the rational decision maker will make the rational decision to do something productive but nothing about
2024-07-09 17:12:54,944 - INFO - Extracted chunk 6 from 300 to 360 seconds.
2024-07-09 17:12:55,799 - INFO - Converted audio for chunk 6 to WAV format.
2024-07-09 17:13:18,817 - INFO - Transcription for chunk 6: what is going on here gratification monkey does not seem like a guy you want to find the reality in the present moment he has no memory of the past no knowledge of the future of two things easy and fun work fine nothing other than easy and fun things to the next generation
2024-07-09 17:13:18,919 - INFO - Extracted chunk 7 from 360 to 420 seconds.
2024-07-09 17:13:19,870 - INFO - Converted audio for chunk 7 to WAV format.
2024-07-09 17:13:49,668 - INFO - Transcription for chunk 7: any wants to just have to do whatever makes sense to be doing right now now some time to make sense to be doing things that are easy and fun like when you're having dinner you are going to better and doing well and leisure time that's why there is an overlap sometimes they agree but other times it makes much more sense to be doing things that are harder and less pleasant for the sake of the big picture and that's not working
2024-07-09 17:13:49,759 - INFO - Extracted chunk 8 from 420 to 480 seconds.
2024-07-09 17:13:50,640 - INFO - Converted audio for chunk 8 to WAV format.
2024-07-09 17:14:13,441 - INFO - Transcription for chunk 8: dread anxiety sulfate should always good for craft in order of feelings and the question is in this situation with the monkey behind the world important things happens out that always
2024-07-09 17:14:13,540 - INFO - Extracted chunk 9 from 480 to 540 seconds.
2024-07-09 17:14:14,437 - INFO - Converted audio for chunk 9 to WAV format.
2024-07-09 17:14:32,213 - INFO - Transcription for chunk 9: about 6 months Governance of course I said yes it's always in the past
2024-07-09 17:14:32,310 - INFO - Extracted chunk 10 from 540 to 600 seconds.
2024-07-09 17:14:33,253 - INFO - Converted audio for chunk 10 to WAV format.
2024-07-09 17:15:08,954 - INFO - Transcription for chunk 10: 6 months turned into 4 and 2 and then one the people of that decided to release the speakers and I opened up the website there is my face steering right back at me and guess who woke up so the planet and finally finally the rational number
2024-07-09 17:15:09,048 - INFO - Extracted chunk 11 from 600 to 660 seconds.
2024-07-09 17:15:09,833 - INFO - Converted audio for chunk 11 to WAV format.
2024-07-09 17:15:38,379 - INFO - Transcription for chunk 11: and this is what I decided to write about on the blog just a couple years ago now when I didn't I was amazing people from all over the world doing all different kinds of things is your people were in 19 years students
2024-07-09 17:15:38,473 - INFO - Extracted chunk 12 from 660 to 720 seconds.
2024-07-09 17:15:39,332 - INFO - Converted audio for chunk 12 to WAV format.
2024-07-09 17:16:08,371 - INFO - Transcription for chunk 12: Castration that happens in situations when there is no deadline so you don't have a query you want to be a self starter something and Entrepreneurship first because
2024-07-09 17:16:08,482 - INFO - Extracted chunk 13 from 720 to 780 seconds.
2024-07-09 17:16:09,491 - INFO - Converted audio for chunk 13 to WAV format.
2024-07-09 17:17:01,067 - INFO - Transcription for chunk 13: that's much less visible and much less talked about in the final deadline based kindly and privately and it can be the source of a huge amount of long term unhappiness and regrets and I thought you know that's why these people are emailing and that's why there is such a bad place for calculation of the first ration
2024-07-09 17:17:01,161 - INFO - Extracted chunk 14 from 780 to 840 seconds.
2024-07-09 17:17:02,032 - INFO - Converted audio for chunk 14 to WAV format.
2024-07-09 17:17:33,222 - INFO - Transcription for chunk 14: monkey nucleus track is when the deadlines are there I call this a life calendar that's one box for every week of 19 year life especially since I think we need to take a long hard look that calendar on something in life we need verification monkey
2024-07-09 17:17:33,306 - INFO - Extracted chunk 15 from 840 to 900 seconds.
2024-07-09 17:17:33,751 - INFO - Converted audio for chunk 15 to WAV format.
2024-07-09 17:17:36,640 - ERROR - An error occurred for chunk 15: 
2024-07-09 17:17:36,724 - INFO - Extracted chunk 16 from 900 to 960 seconds.
2024-07-09 17:17:36,884 - WARNING - d:\60-Python-Projects\vepy60\lib\site-packages\moviepy\video\io\ffmpeg_reader.py:123: UserWarning: Warning: in file chunks/cut16.mp4, 2764800 bytes wanted but 0 bytes read,at frame 1/17, at time 0.04/0.70 sec. Using the last valid frame instead.
  warnings.warn("Warning: in file %s, "%(self.filename)+

2024-07-09 17:17:36,884 - ERROR - An error occurred for chunk 16: MoviePy error: failed to read the first frame of video file chunks/cut16.mp4. That might mean that the file is corrupted. That may also mean that you are using a deprecated version of FFMPEG. On Ubuntu/Debian for instance the version in the repos is deprecated. Please update to a recent version from the website.
2024-07-09 17:17:36,957 - INFO - Extracted chunk 17 from 960 to 1020 seconds.
2024-07-09 17:17:37,128 - WARNING - d:\60-Python-Projects\vepy60\lib\site-packages\moviepy\video\io\ffmpeg_reader.py:123: UserWarning: Warning: in file chunks/cut17.mp4, 2764800 bytes wanted but 0 bytes read,at frame 1/17, at time 0.04/0.70 sec. Using the last valid frame instead.
  warnings.warn("Warning: in file %s, "%(self.filename)+

2024-07-09 17:17:37,129 - ERROR - An error occurred for chunk 17: MoviePy error: failed to read the first frame of video file chunks/cut17.mp4. That might mean that the file is corrupted. That may also mean that you are using a deprecated version of FFMPEG. On Ubuntu/Debian for instance the version in the repos is deprecated. Please update to a recent version from the website.
2024-07-09 17:17:37,204 - INFO - Extracted chunk 18 from 1020 to 1080 seconds.
2024-07-09 17:17:37,363 - WARNING - d:\60-Python-Projects\vepy60\lib\site-packages\moviepy\video\io\ffmpeg_reader.py:123: UserWarning: Warning: in file chunks/cut18.mp4, 2764800 bytes wanted but 0 bytes read,at frame 1/17, at time 0.04/0.70 sec. Using the last valid frame instead.
  warnings.warn("Warning: in file %s, "%(self.filename)+

2024-07-09 17:17:37,364 - ERROR - An error occurred for chunk 18: MoviePy error: failed to read the first frame of video file chunks/cut18.mp4. That might mean that the file is corrupted. That may also mean that you are using a deprecated version of FFMPEG. On Ubuntu/Debian for instance the version in the repos is deprecated. Please update to a recent version from the website.
2024-07-09 17:17:37,439 - INFO - Extracted chunk 19 from 1080 to 1140 seconds.
2024-07-09 17:17:37,597 - WARNING - d:\60-Python-Projects\vepy60\lib\site-packages\moviepy\video\io\ffmpeg_reader.py:123: UserWarning: Warning: in file chunks/cut19.mp4, 2764800 bytes wanted but 0 bytes read,at frame 1/17, at time 0.04/0.70 sec. Using the last valid frame instead.
  warnings.warn("Warning: in file %s, "%(self.filename)+

2024-07-09 17:17:37,597 - ERROR - An error occurred for chunk 19: MoviePy error: failed to read the first frame of video file chunks/cut19.mp4. That might mean that the file is corrupted. That may also mean that you are using a deprecated version of FFMPEG. On Ubuntu/Debian for instance the version in the repos is deprecated. Please update to a recent version from the website.
2024-07-09 17:17:37,680 - INFO - Extracted chunk 20 from 1140 to 1200 seconds.
2024-07-09 17:17:37,840 - WARNING - d:\60-Python-Projects\vepy60\lib\site-packages\moviepy\video\io\ffmpeg_reader.py:123: UserWarning: Warning: in file chunks/cut20.mp4, 2764800 bytes wanted but 0 bytes read,at frame 1/17, at time 0.04/0.70 sec. Using the last valid frame instead.
  warnings.warn("Warning: in file %s, "%(self.filename)+

2024-07-09 17:17:37,840 - ERROR - An error occurred for chunk 20: MoviePy error: failed to read the first frame of video file chunks/cut20.mp4. That might mean that the file is corrupted. That may also mean that you are using a deprecated version of FFMPEG. On Ubuntu/Debian for instance the version in the repos is deprecated. Please update to a recent version from the website.
2024-07-09 17:17:37,928 - INFO - Extracted chunk 21 from 1200 to 1260 seconds.
2024-07-09 17:17:38,088 - WARNING - d:\60-Python-Projects\vepy60\lib\site-packages\moviepy\video\io\ffmpeg_reader.py:123: UserWarning: Warning: in file chunks/cut21.mp4, 2764800 bytes wanted but 0 bytes read,at frame 1/17, at time 0.04/0.70 sec. Using the last valid frame instead.
  warnings.warn("Warning: in file %s, "%(self.filename)+

2024-07-09 17:17:38,088 - ERROR - An error occurred for chunk 21: MoviePy error: failed to read the first frame of video file chunks/cut21.mp4. That might mean that the file is corrupted. That may also mean that you are using a deprecated version of FFMPEG. On Ubuntu/Debian for instance the version in the repos is deprecated. Please update to a recent version from the website.
2024-07-09 17:17:38,163 - INFO - Extracted chunk 22 from 1260 to 1320 seconds.
2024-07-09 17:17:38,323 - WARNING - d:\60-Python-Projects\vepy60\lib\site-packages\moviepy\video\io\ffmpeg_reader.py:123: UserWarning: Warning: in file chunks/cut22.mp4, 2764800 bytes wanted but 0 bytes read,at frame 1/17, at time 0.04/0.70 sec. Using the last valid frame instead.
  warnings.warn("Warning: in file %s, "%(self.filename)+

2024-07-09 17:17:38,323 - ERROR - An error occurred for chunk 22: MoviePy error: failed to read the first frame of video file chunks/cut22.mp4. That might mean that the file is corrupted. That may also mean that you are using a deprecated version of FFMPEG. On Ubuntu/Debian for instance the version in the repos is deprecated. Please update to a recent version from the website.
2024-07-09 17:17:38,405 - INFO - Extracted chunk 23 from 1320 to 1380 seconds.
2024-07-09 17:17:38,577 - WARNING - d:\60-Python-Projects\vepy60\lib\site-packages\moviepy\video\io\ffmpeg_reader.py:123: UserWarning: Warning: in file chunks/cut23.mp4, 2764800 bytes wanted but 0 bytes read,at frame 1/17, at time 0.04/0.70 sec. Using the last valid frame instead.
  warnings.warn("Warning: in file %s, "%(self.filename)+

2024-07-09 17:17:38,578 - ERROR - An error occurred for chunk 23: MoviePy error: failed to read the first frame of video file chunks/cut23.mp4. That might mean that the file is corrupted. That may also mean that you are using a deprecated version of FFMPEG. On Ubuntu/Debian for instance the version in the repos is deprecated. Please update to a recent version from the website.
2024-07-09 17:17:38,655 - INFO - Extracted chunk 24 from 1380 to 1440 seconds.
2024-07-09 17:17:38,811 - WARNING - d:\60-Python-Projects\vepy60\lib\site-packages\moviepy\video\io\ffmpeg_reader.py:123: UserWarning: Warning: in file chunks/cut24.mp4, 2764800 bytes wanted but 0 bytes read,at frame 1/17, at time 0.04/0.70 sec. Using the last valid frame instead.
  warnings.warn("Warning: in file %s, "%(self.filename)+

2024-07-09 17:17:38,811 - ERROR - An error occurred for chunk 24: MoviePy error: failed to read the first frame of video file chunks/cut24.mp4. That might mean that the file is corrupted. That may also mean that you are using a deprecated version of FFMPEG. On Ubuntu/Debian for instance the version in the repos is deprecated. Please update to a recent version from the website.
2024-07-09 17:17:38,888 - INFO - Extracted chunk 25 from 1440 to 1500 seconds.
2024-07-09 17:17:39,043 - WARNING - d:\60-Python-Projects\vepy60\lib\site-packages\moviepy\video\io\ffmpeg_reader.py:123: UserWarning: Warning: in file chunks/cut25.mp4, 2764800 bytes wanted but 0 bytes read,at frame 1/17, at time 0.04/0.70 sec. Using the last valid frame instead.
  warnings.warn("Warning: in file %s, "%(self.filename)+

2024-07-09 17:17:39,045 - ERROR - An error occurred for chunk 25: MoviePy error: failed to read the first frame of video file chunks/cut25.mp4. That might mean that the file is corrupted. That may also mean that you are using a deprecated version of FFMPEG. On Ubuntu/Debian for instance the version in the repos is deprecated. Please update to a recent version from the website.
2024-07-09 17:17:39,120 - INFO - Extracted chunk 26 from 1500 to 1560 seconds.
2024-07-09 17:17:39,287 - WARNING - d:\60-Python-Projects\vepy60\lib\site-packages\moviepy\video\io\ffmpeg_reader.py:123: UserWarning: Warning: in file chunks/cut26.mp4, 2764800 bytes wanted but 0 bytes read,at frame 1/17, at time 0.04/0.70 sec. Using the last valid frame instead.
  warnings.warn("Warning: in file %s, "%(self.filename)+

2024-07-09 17:17:39,288 - ERROR - An error occurred for chunk 26: MoviePy error: failed to read the first frame of video file chunks/cut26.mp4. That might mean that the file is corrupted. That may also mean that you are using a deprecated version of FFMPEG. On Ubuntu/Debian for instance the version in the repos is deprecated. Please update to a recent version from the website.
2024-07-09 17:17:39,365 - INFO - Extracted chunk 27 from 1560 to 1620 seconds.
2024-07-09 17:17:39,516 - WARNING - d:\60-Python-Projects\vepy60\lib\site-packages\moviepy\video\io\ffmpeg_reader.py:123: UserWarning: Warning: in file chunks/cut27.mp4, 2764800 bytes wanted but 0 bytes read,at frame 1/17, at time 0.04/0.70 sec. Using the last valid frame instead.
  warnings.warn("Warning: in file %s, "%(self.filename)+

2024-07-09 17:17:39,516 - ERROR - An error occurred for chunk 27: MoviePy error: failed to read the first frame of video file chunks/cut27.mp4. That might mean that the file is corrupted. That may also mean that you are using a deprecated version of FFMPEG. On Ubuntu/Debian for instance the version in the repos is deprecated. Please update to a recent version from the website.
2024-07-09 17:17:39,592 - INFO - Extracted chunk 28 from 1620 to 1680 seconds.
2024-07-09 17:17:39,785 - WARNING - d:\60-Python-Projects\vepy60\lib\site-packages\moviepy\video\io\ffmpeg_reader.py:123: UserWarning: Warning: in file chunks/cut28.mp4, 2764800 bytes wanted but 0 bytes read,at frame 1/17, at time 0.04/0.70 sec. Using the last valid frame instead.
  warnings.warn("Warning: in file %s, "%(self.filename)+

2024-07-09 17:17:39,786 - ERROR - An error occurred for chunk 28: MoviePy error: failed to read the first frame of video file chunks/cut28.mp4. That might mean that the file is corrupted. That may also mean that you are using a deprecated version of FFMPEG. On Ubuntu/Debian for instance the version in the repos is deprecated. Please update to a recent version from the website.
2024-07-09 17:17:39,867 - INFO - Extracted chunk 29 from 1680 to 1740 seconds.
2024-07-09 17:17:40,027 - WARNING - d:\60-Python-Projects\vepy60\lib\site-packages\moviepy\video\io\ffmpeg_reader.py:123: UserWarning: Warning: in file chunks/cut29.mp4, 2764800 bytes wanted but 0 bytes read,at frame 1/17, at time 0.04/0.70 sec. Using the last valid frame instead.
  warnings.warn("Warning: in file %s, "%(self.filename)+

2024-07-09 17:17:40,027 - ERROR - An error occurred for chunk 29: MoviePy error: failed to read the first frame of video file chunks/cut29.mp4. That might mean that the file is corrupted. That may also mean that you are using a deprecated version of FFMPEG. On Ubuntu/Debian for instance the version in the repos is deprecated. Please update to a recent version from the website.
2024-07-09 17:17:40,106 - INFO - Extracted chunk 30 from 1740 to 1800 seconds.
2024-07-09 17:17:40,261 - WARNING - d:\60-Python-Projects\vepy60\lib\site-packages\moviepy\video\io\ffmpeg_reader.py:123: UserWarning: Warning: in file chunks/cut30.mp4, 2764800 bytes wanted but 0 bytes read,at frame 1/17, at time 0.04/0.70 sec. Using the last valid frame instead.
  warnings.warn("Warning: in file %s, "%(self.filename)+

2024-07-09 17:17:40,261 - ERROR - An error occurred for chunk 30: MoviePy error: failed to read the first frame of video file chunks/cut30.mp4. That might mean that the file is corrupted. That may also mean that you are using a deprecated version of FFMPEG. On Ubuntu/Debian for instance the version in the repos is deprecated. Please update to a recent version from the website.
2024-07-09 17:17:40,340 - INFO - Extracted chunk 31 from 1800 to 1860 seconds.
2024-07-09 17:17:40,497 - WARNING - d:\60-Python-Projects\vepy60\lib\site-packages\moviepy\video\io\ffmpeg_reader.py:123: UserWarning: Warning: in file chunks/cut31.mp4, 2764800 bytes wanted but 0 bytes read,at frame 1/17, at time 0.04/0.70 sec. Using the last valid frame instead.
  warnings.warn("Warning: in file %s, "%(self.filename)+

2024-07-09 17:17:40,497 - ERROR - An error occurred for chunk 31: MoviePy error: failed to read the first frame of video file chunks/cut31.mp4. That might mean that the file is corrupted. That may also mean that you are using a deprecated version of FFMPEG. On Ubuntu/Debian for instance the version in the repos is deprecated. Please update to a recent version from the website.
2024-07-09 17:17:40,575 - INFO - Extracted chunk 32 from 1860 to 1920 seconds.
2024-07-09 17:17:40,745 - WARNING - d:\60-Python-Projects\vepy60\lib\site-packages\moviepy\video\io\ffmpeg_reader.py:123: UserWarning: Warning: in file chunks/cut32.mp4, 2764800 bytes wanted but 0 bytes read,at frame 1/17, at time 0.04/0.70 sec. Using the last valid frame instead.
  warnings.warn("Warning: in file %s, "%(self.filename)+

2024-07-09 17:17:40,745 - ERROR - An error occurred for chunk 32: MoviePy error: failed to read the first frame of video file chunks/cut32.mp4. That might mean that the file is corrupted. That may also mean that you are using a deprecated version of FFMPEG. On Ubuntu/Debian for instance the version in the repos is deprecated. Please update to a recent version from the website.
2024-07-09 17:17:40,832 - INFO - Extracted chunk 33 from 1920 to 1980 seconds.
2024-07-09 17:17:41,000 - WARNING - d:\60-Python-Projects\vepy60\lib\site-packages\moviepy\video\io\ffmpeg_reader.py:123: UserWarning: Warning: in file chunks/cut33.mp4, 2764800 bytes wanted but 0 bytes read,at frame 1/17, at time 0.04/0.70 sec. Using the last valid frame instead.
  warnings.warn("Warning: in file %s, "%(self.filename)+

2024-07-09 17:17:41,000 - ERROR - An error occurred for chunk 33: MoviePy error: failed to read the first frame of video file chunks/cut33.mp4. That might mean that the file is corrupted. That may also mean that you are using a deprecated version of FFMPEG. On Ubuntu/Debian for instance the version in the repos is deprecated. Please update to a recent version from the website.
2024-07-09 17:17:41,075 - INFO - Extracted chunk 34 from 1980 to 2040 seconds.
2024-07-09 17:17:41,266 - WARNING - d:\60-Python-Projects\vepy60\lib\site-packages\moviepy\video\io\ffmpeg_reader.py:123: UserWarning: Warning: in file chunks/cut34.mp4, 2764800 bytes wanted but 0 bytes read,at frame 1/17, at time 0.04/0.70 sec. Using the last valid frame instead.
  warnings.warn("Warning: in file %s, "%(self.filename)+

2024-07-09 17:17:41,267 - ERROR - An error occurred for chunk 34: MoviePy error: failed to read the first frame of video file chunks/cut34.mp4. That might mean that the file is corrupted. That may also mean that you are using a deprecated version of FFMPEG. On Ubuntu/Debian for instance the version in the repos is deprecated. Please update to a recent version from the website.
2024-07-09 17:17:41,367 - INFO - Extracted chunk 35 from 2040 to 2100 seconds.
2024-07-09 17:17:41,541 - WARNING - d:\60-Python-Projects\vepy60\lib\site-packages\moviepy\video\io\ffmpeg_reader.py:123: UserWarning: Warning: in file chunks/cut35.mp4, 2764800 bytes wanted but 0 bytes read,at frame 1/17, at time 0.04/0.70 sec. Using the last valid frame instead.
  warnings.warn("Warning: in file %s, "%(self.filename)+

2024-07-09 17:17:41,542 - ERROR - An error occurred for chunk 35: MoviePy error: failed to read the first frame of video file chunks/cut35.mp4. That might mean that the file is corrupted. That may also mean that you are using a deprecated version of FFMPEG. On Ubuntu/Debian for instance the version in the repos is deprecated. Please update to a recent version from the website.
2024-07-09 17:17:41,616 - INFO - Extracted chunk 36 from 2100 to 2160 seconds.
2024-07-09 17:17:41,777 - WARNING - d:\60-Python-Projects\vepy60\lib\site-packages\moviepy\video\io\ffmpeg_reader.py:123: UserWarning: Warning: in file chunks/cut36.mp4, 2764800 bytes wanted but 0 bytes read,at frame 1/17, at time 0.04/0.70 sec. Using the last valid frame instead.
  warnings.warn("Warning: in file %s, "%(self.filename)+

2024-07-09 17:17:41,778 - ERROR - An error occurred for chunk 36: MoviePy error: failed to read the first frame of video file chunks/cut36.mp4. That might mean that the file is corrupted. That may also mean that you are using a deprecated version of FFMPEG. On Ubuntu/Debian for instance the version in the repos is deprecated. Please update to a recent version from the website.
2024-07-09 17:17:41,861 - INFO - Extracted chunk 37 from 2160 to 2220 seconds.
2024-07-09 17:17:42,020 - WARNING - d:\60-Python-Projects\vepy60\lib\site-packages\moviepy\video\io\ffmpeg_reader.py:123: UserWarning: Warning: in file chunks/cut37.mp4, 2764800 bytes wanted but 0 bytes read,at frame 1/17, at time 0.04/0.70 sec. Using the last valid frame instead.
  warnings.warn("Warning: in file %s, "%(self.filename)+

2024-07-09 17:17:42,021 - ERROR - An error occurred for chunk 37: MoviePy error: failed to read the first frame of video file chunks/cut37.mp4. That might mean that the file is corrupted. That may also mean that you are using a deprecated version of FFMPEG. On Ubuntu/Debian for instance the version in the repos is deprecated. Please update to a recent version from the website.
2024-07-09 17:17:42,092 - INFO - Extracted chunk 38 from 2220 to 2280 seconds.
2024-07-09 17:17:42,247 - WARNING - d:\60-Python-Projects\vepy60\lib\site-packages\moviepy\video\io\ffmpeg_reader.py:123: UserWarning: Warning: in file chunks/cut38.mp4, 2764800 bytes wanted but 0 bytes read,at frame 1/17, at time 0.04/0.70 sec. Using the last valid frame instead.
  warnings.warn("Warning: in file %s, "%(self.filename)+

2024-07-09 17:17:42,248 - ERROR - An error occurred for chunk 38: MoviePy error: failed to read the first frame of video file chunks/cut38.mp4. That might mean that the file is corrupted. That may also mean that you are using a deprecated version of FFMPEG. On Ubuntu/Debian for instance the version in the repos is deprecated. Please update to a recent version from the website.
2024-07-09 17:17:42,408 - INFO - Extracted chunk 39 from 2280 to 2340 seconds.
2024-07-09 17:17:42,580 - WARNING - d:\60-Python-Projects\vepy60\lib\site-packages\moviepy\video\io\ffmpeg_reader.py:123: UserWarning: Warning: in file chunks/cut39.mp4, 2764800 bytes wanted but 0 bytes read,at frame 1/17, at time 0.04/0.70 sec. Using the last valid frame instead.
  warnings.warn("Warning: in file %s, "%(self.filename)+

2024-07-09 17:17:42,582 - ERROR - An error occurred for chunk 39: MoviePy error: failed to read the first frame of video file chunks/cut39.mp4. That might mean that the file is corrupted. That may also mean that you are using a deprecated version of FFMPEG. On Ubuntu/Debian for instance the version in the repos is deprecated. Please update to a recent version from the website.
2024-07-09 17:17:42,660 - INFO - Extracted chunk 40 from 2340 to 2400 seconds.
2024-07-09 17:17:42,825 - WARNING - d:\60-Python-Projects\vepy60\lib\site-packages\moviepy\video\io\ffmpeg_reader.py:123: UserWarning: Warning: in file chunks/cut40.mp4, 2764800 bytes wanted but 0 bytes read,at frame 1/17, at time 0.04/0.70 sec. Using the last valid frame instead.
  warnings.warn("Warning: in file %s, "%(self.filename)+

2024-07-09 17:17:42,825 - ERROR - An error occurred for chunk 40: MoviePy error: failed to read the first frame of video file chunks/cut40.mp4. That might mean that the file is corrupted. That may also mean that you are using a deprecated version of FFMPEG. On Ubuntu/Debian for instance the version in the repos is deprecated. Please update to a recent version from the website.
2024-07-09 17:17:42,905 - INFO - Extracted chunk 41 from 2400 to 2460 seconds.
2024-07-09 17:17:43,208 - WARNING - d:\60-Python-Projects\vepy60\lib\site-packages\moviepy\video\io\ffmpeg_reader.py:123: UserWarning: Warning: in file chunks/cut41.mp4, 2764800 bytes wanted but 0 bytes read,at frame 1/17, at time 0.04/0.70 sec. Using the last valid frame instead.
  warnings.warn("Warning: in file %s, "%(self.filename)+

2024-07-09 17:17:43,209 - ERROR - An error occurred for chunk 41: MoviePy error: failed to read the first frame of video file chunks/cut41.mp4. That might mean that the file is corrupted. That may also mean that you are using a deprecated version of FFMPEG. On Ubuntu/Debian for instance the version in the repos is deprecated. Please update to a recent version from the website.
2024-07-09 17:17:43,286 - INFO - Extracted chunk 42 from 2460 to 2520 seconds.
2024-07-09 17:17:43,453 - WARNING - d:\60-Python-Projects\vepy60\lib\site-packages\moviepy\video\io\ffmpeg_reader.py:123: UserWarning: Warning: in file chunks/cut42.mp4, 2764800 bytes wanted but 0 bytes read,at frame 1/17, at time 0.04/0.70 sec. Using the last valid frame instead.
  warnings.warn("Warning: in file %s, "%(self.filename)+

2024-07-09 17:17:43,454 - ERROR - An error occurred for chunk 42: MoviePy error: failed to read the first frame of video file chunks/cut42.mp4. That might mean that the file is corrupted. That may also mean that you are using a deprecated version of FFMPEG. On Ubuntu/Debian for instance the version in the repos is deprecated. Please update to a recent version from the website.
2024-07-09 17:17:43,529 - INFO - Extracted chunk 43 from 2520 to 2580 seconds.
2024-07-09 17:17:43,742 - WARNING - d:\60-Python-Projects\vepy60\lib\site-packages\moviepy\video\io\ffmpeg_reader.py:123: UserWarning: Warning: in file chunks/cut43.mp4, 2764800 bytes wanted but 0 bytes read,at frame 1/17, at time 0.04/0.70 sec. Using the last valid frame instead.
  warnings.warn("Warning: in file %s, "%(self.filename)+

2024-07-09 17:17:43,743 - ERROR - An error occurred for chunk 43: MoviePy error: failed to read the first frame of video file chunks/cut43.mp4. That might mean that the file is corrupted. That may also mean that you are using a deprecated version of FFMPEG. On Ubuntu/Debian for instance the version in the repos is deprecated. Please update to a recent version from the website.
2024-07-09 17:17:43,869 - INFO - Extracted chunk 44 from 2580 to 2640 seconds.
2024-07-09 17:17:44,046 - WARNING - d:\60-Python-Projects\vepy60\lib\site-packages\moviepy\video\io\ffmpeg_reader.py:123: UserWarning: Warning: in file chunks/cut44.mp4, 2764800 bytes wanted but 0 bytes read,at frame 1/17, at time 0.04/0.70 sec. Using the last valid frame instead.
  warnings.warn("Warning: in file %s, "%(self.filename)+

2024-07-09 17:17:44,048 - ERROR - An error occurred for chunk 44: MoviePy error: failed to read the first frame of video file chunks/cut44.mp4. That might mean that the file is corrupted. That may also mean that you are using a deprecated version of FFMPEG. On Ubuntu/Debian for instance the version in the repos is deprecated. Please update to a recent version from the website.
2024-07-09 17:17:44,128 - INFO - Extracted chunk 45 from 2640 to 2700 seconds.
2024-07-09 17:17:44,442 - WARNING - d:\60-Python-Projects\vepy60\lib\site-packages\moviepy\video\io\ffmpeg_reader.py:123: UserWarning: Warning: in file chunks/cut45.mp4, 2764800 bytes wanted but 0 bytes read,at frame 1/17, at time 0.04/0.70 sec. Using the last valid frame instead.
  warnings.warn("Warning: in file %s, "%(self.filename)+

2024-07-09 17:17:44,443 - ERROR - An error occurred for chunk 45: MoviePy error: failed to read the first frame of video file chunks/cut45.mp4. That might mean that the file is corrupted. That may also mean that you are using a deprecated version of FFMPEG. On Ubuntu/Debian for instance the version in the repos is deprecated. Please update to a recent version from the website.
2024-07-09 17:17:44,521 - INFO - Extracted chunk 46 from 2700 to 2760 seconds.
2024-07-09 17:17:44,695 - WARNING - d:\60-Python-Projects\vepy60\lib\site-packages\moviepy\video\io\ffmpeg_reader.py:123: UserWarning: Warning: in file chunks/cut46.mp4, 2764800 bytes wanted but 0 bytes read,at frame 1/17, at time 0.04/0.70 sec. Using the last valid frame instead.
  warnings.warn("Warning: in file %s, "%(self.filename)+

2024-07-09 17:17:44,697 - ERROR - An error occurred for chunk 46: MoviePy error: failed to read the first frame of video file chunks/cut46.mp4. That might mean that the file is corrupted. That may also mean that you are using a deprecated version of FFMPEG. On Ubuntu/Debian for instance the version in the repos is deprecated. Please update to a recent version from the website.
2024-07-09 17:17:44,778 - INFO - Extracted chunk 47 from 2760 to 2820 seconds.
2024-07-09 17:17:45,009 - WARNING - d:\60-Python-Projects\vepy60\lib\site-packages\moviepy\video\io\ffmpeg_reader.py:123: UserWarning: Warning: in file chunks/cut47.mp4, 2764800 bytes wanted but 0 bytes read,at frame 1/17, at time 0.04/0.70 sec. Using the last valid frame instead.
  warnings.warn("Warning: in file %s, "%(self.filename)+

2024-07-09 17:17:45,009 - ERROR - An error occurred for chunk 47: MoviePy error: failed to read the first frame of video file chunks/cut47.mp4. That might mean that the file is corrupted. That may also mean that you are using a deprecated version of FFMPEG. On Ubuntu/Debian for instance the version in the repos is deprecated. Please update to a recent version from the website.
2024-07-09 17:17:45,092 - INFO - Extracted chunk 48 from 2820 to 2880 seconds.
2024-07-09 17:17:45,256 - WARNING - d:\60-Python-Projects\vepy60\lib\site-packages\moviepy\video\io\ffmpeg_reader.py:123: UserWarning: Warning: in file chunks/cut48.mp4, 2764800 bytes wanted but 0 bytes read,at frame 1/17, at time 0.04/0.70 sec. Using the last valid frame instead.
  warnings.warn("Warning: in file %s, "%(self.filename)+

2024-07-09 17:17:45,257 - ERROR - An error occurred for chunk 48: MoviePy error: failed to read the first frame of video file chunks/cut48.mp4. That might mean that the file is corrupted. That may also mean that you are using a deprecated version of FFMPEG. On Ubuntu/Debian for instance the version in the repos is deprecated. Please update to a recent version from the website.
2024-07-09 17:17:45,330 - INFO - Extracted chunk 49 from 2880 to 2940 seconds.
2024-07-09 17:17:45,525 - WARNING - d:\60-Python-Projects\vepy60\lib\site-packages\moviepy\video\io\ffmpeg_reader.py:123: UserWarning: Warning: in file chunks/cut49.mp4, 2764800 bytes wanted but 0 bytes read,at frame 1/17, at time 0.04/0.70 sec. Using the last valid frame instead.
  warnings.warn("Warning: in file %s, "%(self.filename)+

2024-07-09 17:17:45,526 - ERROR - An error occurred for chunk 49: MoviePy error: failed to read the first frame of video file chunks/cut49.mp4. That might mean that the file is corrupted. That may also mean that you are using a deprecated version of FFMPEG. On Ubuntu/Debian for instance the version in the repos is deprecated. Please update to a recent version from the website.
2024-07-09 17:17:45,608 - INFO - Extracted chunk 50 from 2940 to 3000 seconds.
2024-07-09 17:17:45,776 - WARNING - d:\60-Python-Projects\vepy60\lib\site-packages\moviepy\video\io\ffmpeg_reader.py:123: UserWarning: Warning: in file chunks/cut50.mp4, 2764800 bytes wanted but 0 bytes read,at frame 1/17, at time 0.04/0.70 sec. Using the last valid frame instead.
  warnings.warn("Warning: in file %s, "%(self.filename)+

2024-07-09 17:17:45,798 - ERROR - An error occurred for chunk 50: MoviePy error: failed to read the first frame of video file chunks/cut50.mp4. That might mean that the file is corrupted. That may also mean that you are using a deprecated version of FFMPEG. On Ubuntu/Debian for instance the version in the repos is deprecated. Please update to a recent version from the website.
2024-07-09 17:17:45,958 - INFO - Extracted chunk 51 from 3000 to 3060 seconds.
2024-07-09 17:17:46,259 - WARNING - d:\60-Python-Projects\vepy60\lib\site-packages\moviepy\video\io\ffmpeg_reader.py:123: UserWarning: Warning: in file chunks/cut51.mp4, 2764800 bytes wanted but 0 bytes read,at frame 1/17, at time 0.04/0.70 sec. Using the last valid frame instead.
  warnings.warn("Warning: in file %s, "%(self.filename)+

2024-07-09 17:17:46,259 - ERROR - An error occurred for chunk 51: MoviePy error: failed to read the first frame of video file chunks/cut51.mp4. That might mean that the file is corrupted. That may also mean that you are using a deprecated version of FFMPEG. On Ubuntu/Debian for instance the version in the repos is deprecated. Please update to a recent version from the website.
2024-07-09 17:17:46,333 - INFO - Extracted chunk 52 from 3060 to 3120 seconds.
2024-07-09 17:17:46,495 - WARNING - d:\60-Python-Projects\vepy60\lib\site-packages\moviepy\video\io\ffmpeg_reader.py:123: UserWarning: Warning: in file chunks/cut52.mp4, 2764800 bytes wanted but 0 bytes read,at frame 1/17, at time 0.04/0.70 sec. Using the last valid frame instead.
  warnings.warn("Warning: in file %s, "%(self.filename)+

2024-07-09 17:17:46,495 - ERROR - An error occurred for chunk 52: MoviePy error: failed to read the first frame of video file chunks/cut52.mp4. That might mean that the file is corrupted. That may also mean that you are using a deprecated version of FFMPEG. On Ubuntu/Debian for instance the version in the repos is deprecated. Please update to a recent version from the website.
2024-07-09 17:17:46,497 - INFO - Final transcription dictionary: {'chunk1': "sound college I was a government Manager which means I have to write a lot of papers now I don't know that start", 'chunk2': 'how to go some like this turn off light and bumped up in the middle months and then the end I would Kick It Up The High gear case status few months the', 'chunk3': '12 volts humans are not supposed to 4129 across campus slow motion and garden justice', 'chunk4': 'and couple years ago I decided to write about Procrastination is perfect and I wanted to explain the numbers of the world what goes on in the heads of procrastination why we are the various actually different than the brains of other people and my brain and show you today', 'chunk5': 'also has an instant gratification monkey now what is this mean for the question of everything is fine until this happens so the rational decision maker will make the rational decision to do something productive but nothing about', 'chunk6': 'what is going on here gratification monkey does not seem like a guy you want to find the reality in the present moment he has no memory of the past no knowledge of the future of two things easy and fun work fine nothing other than easy and fun things to the next generation', 'chunk7': "any wants to just have to do whatever makes sense to be doing right now now some time to make sense to be doing things that are easy and fun like when you're having dinner you are going to better and doing well and leisure time that's why there is an overlap sometimes they agree but other times it makes much more sense to be doing things that are harder and less pleasant for the sake of the big picture and that's not working", 'chunk8': 'dread anxiety sulfate should always good for craft in order of feelings and the question is in this situation with the monkey behind the world important things happens out that always', 'chunk9': "about 6 months Governance of course I said yes it's always in the past", 'chunk10': '6 months turned into 4 and 2 and then one the people of that decided to release the speakers and I opened up the website there is my face steering right back at me and guess who woke up so the planet and finally finally the rational number', 'chunk11': "and this is what I decided to write about on the blog just a couple years ago now when I didn't I was amazing people from all over the world doing all different kinds of things is your people were in 19 years students", 'chunk12': "Castration that happens in situations when there is no deadline so you don't have a query you want to be a self starter something and Entrepreneurship first because", 'chunk13': "that's much less visible and much less talked about in the final deadline based kindly and privately and it can be the source of a huge amount of long term unhappiness and regrets and I thought you know that's why these people are emailing and that's why there is such a bad place for calculation of the first ration", 'chunk14': "monkey nucleus track is when the deadlines are there I call this a life calendar that's one box for every week of 19 year life especially since I think we need to take a long hard look that calendar on something in life we need verification monkey", 'chunk15': None, 'chunk16': None, 'chunk17': None, 'chunk18': None, 'chunk19': None, 'chunk20': None, 'chunk21': None, 'chunk22': None, 'chunk23': None, 'chunk24': None, 'chunk25': None, 'chunk26': None, 'chunk27': None, 'chunk28': None, 'chunk29': None, 'chunk30': None, 'chunk31': None, 'chunk32': None, 'chunk33': None, 'chunk34': None, 'chunk35': None, 'chunk36': None, 'chunk37': None, 'chunk38': None, 'chunk39': None, 'chunk40': None, 'chunk41': None, 'chunk42': None, 'chunk43': None, 'chunk44': None, 'chunk45': None, 'chunk46': None, 'chunk47': None, 'chunk48': None, 'chunk49': None, 'chunk50': None, 'chunk51': None, 'chunk52': None}
